[2019-03-09 21:42:06,047 INFO] From: ../data/data.feat.coqg.vocab.pt
[2019-03-09 21:42:06,047 INFO] 	* source vocab: 50002 words
[2019-03-09 21:42:06,047 INFO] 	* target vocab: 24726 words
[2019-03-09 21:43:59,084 INFO] Got 1917494 encoder embeddings from ../data/glove.42B.300d.txt
[2019-03-09 21:45:54,933 INFO] Got 1917494 decoder embeddings from ../data/glove.42B.300d.txt
[2019-03-09 21:45:55,124 INFO] 
Matching: 
[2019-03-09 21:45:55,124 INFO] 	* enc: 8 match, 49994 missing, (0.02%)
[2019-03-09 21:45:55,124 INFO] 	* dec: 15403 match, 9323 missing, (62.29%)
[2019-03-09 21:45:55,124 INFO] 
Filtered embeddings:
[2019-03-09 21:45:55,124 INFO] 	* enc: torch.Size([50002, 300])
[2019-03-09 21:45:55,124 INFO] 	* dec: torch.Size([24726, 300])
[2019-03-09 21:45:55,124 INFO] 
Saving embedding as:
	* enc: ../data/data.feat.coqg.embed.enc.pt
	* dec: ../data/data.feat.coqg.embed.dec.pt
[2019-03-09 21:45:55,157 INFO] 
Done.
[2019-03-10 00:17:58,003 INFO] From: ../data/data.feat.coqg.vocab.pt
[2019-03-10 00:17:58,004 INFO] 	* source vocab: 50002 words
[2019-03-10 00:17:58,004 INFO] 	* target vocab: 25418 words
[2019-03-10 00:19:55,428 INFO] Got 1917494 encoder embeddings from ../data/glove.42B.300d.txt
[2019-03-10 00:21:55,849 INFO] Got 1917494 decoder embeddings from ../data/glove.42B.300d.txt
[2019-03-10 00:21:56,051 INFO] 
Matching: 
[2019-03-10 00:21:56,051 INFO] 	* enc: 7 match, 49995 missing, (0.01%)
[2019-03-10 00:21:56,051 INFO] 	* dec: 15755 match, 9663 missing, (61.98%)
[2019-03-10 00:21:56,051 INFO] 
Filtered embeddings:
[2019-03-10 00:21:56,051 INFO] 	* enc: torch.Size([50002, 300])
[2019-03-10 00:21:56,051 INFO] 	* dec: torch.Size([25418, 300])
[2019-03-10 00:21:56,051 INFO] 
Saving embedding as:
	* enc: ../data/data.feat.coqg.embed.enc.pt
	* dec: ../data/data.feat.coqg.embed.dec.pt
[2019-03-10 00:21:56,087 INFO] 
Done.
[2019-03-10 03:28:14,999 INFO] From: ../data/data.feat.coqg.vocab.pt
[2019-03-10 03:28:14,999 INFO] 	* source vocab: 50002 words
[2019-03-10 03:28:14,999 INFO] 	* target vocab: 25418 words
[2019-03-10 03:30:05,101 INFO] Got 1917494 encoder embeddings from ../data/glove.42B.300d.txt
[2019-03-10 03:31:58,523 INFO] Got 1917494 decoder embeddings from ../data/glove.42B.300d.txt
[2019-03-10 03:31:58,710 INFO] 
Matching: 
[2019-03-10 03:31:58,710 INFO] 	* enc: 7 match, 49995 missing, (0.01%)
[2019-03-10 03:31:58,710 INFO] 	* dec: 15755 match, 9663 missing, (61.98%)
[2019-03-10 03:31:58,710 INFO] 
Filtered embeddings:
[2019-03-10 03:31:58,710 INFO] 	* enc: torch.Size([50002, 300])
[2019-03-10 03:31:58,710 INFO] 	* dec: torch.Size([25418, 300])
[2019-03-10 03:31:58,710 INFO] 
Saving embedding as:
	* enc: ../data/data.feat.coqg.embed.enc.pt
	* dec: ../data/data.feat.coqg.embed.dec.pt
[2019-03-10 03:31:58,743 INFO] 
Done.
